2025-09-02T06:31:45.418Z [INFO]: Database synced successfully
2025-09-02T06:34:57.341Z [INFO]: Database synced successfully
2025-09-02T06:35:46.011Z [INFO]: Database synced successfully
2025-09-02T06:36:50.575Z [INFO]: Database synced successfully
2025-09-02T07:20:00.160Z [INFO]: Database synced successfully
2025-09-02T07:25:07.469Z [INFO]: Database synced successfully
2025-09-02T07:29:41.095Z [INFO]: Database synced successfully
2025-09-02T07:32:30.006Z [INFO]: Database synced successfully
2025-09-02T07:34:03.167Z [WARN]: Missing fields in user creation
2025-09-02T07:34:23.488Z [ERROR]: Error creating user: newUser is not defined
2025-09-02T07:34:41.862Z [ERROR]: Error creating user: Validation error
2025-09-02T07:34:54.095Z [ERROR]: Error creating user: Validation error
2025-09-02T07:35:09.802Z [INFO]: Database synced successfully
2025-09-02T07:35:23.915Z [ERROR]: Error creating user: Validation error
2025-09-02T07:35:41.397Z [ERROR]: Error creating user: newUser is not defined
2025-09-02T07:35:55.159Z [INFO]: Database synced successfully
2025-09-02T07:35:59.696Z [ERROR]: Error creating user: Validation error
2025-09-02T07:36:19.976Z [INFO]: Database synced successfully
2025-09-02T07:38:02.802Z [INFO]: Database synced successfully
2025-09-02T07:38:15.038Z [INFO]: Database synced successfully
2025-09-02T07:41:06.413Z [INFO]: Database synced successfully
2025-09-02T07:46:11.121Z [INFO]: Database synced successfully
2025-09-02T07:47:08.518Z [INFO]: Database synced successfully
2025-09-02T07:48:21.788Z [INFO]: Database synced successfully
2025-09-02T07:49:32.558Z [INFO]: Database synced successfully
2025-09-02T07:52:54.803Z [INFO]: Database synced successfully
2025-09-02T07:55:45.681Z [INFO]: Database synced successfully
2025-09-02T07:56:35.603Z [INFO]: Database synced successfully
2025-09-02T07:57:08.891Z [WARN]: Validation failed during user creation
2025-09-02T07:57:45.454Z [INFO]: User created successfully: ankush@google.com
2025-09-02T08:01:15.105Z [INFO]: Database synced successfully
2025-09-02T08:03:43.848Z [WARN]: Validation failed during login
2025-09-02T08:06:11.838Z [INFO]: Database synced successfully
2025-09-02T08:07:11.790Z [INFO]: Database synced successfully
2025-09-02T08:08:39.231Z [INFO]: Database synced successfully
2025-09-02T08:08:56.977Z [INFO]: Database synced successfully
2025-09-02T08:09:44.105Z [INFO]: Database synced successfully
2025-09-02T08:10:19.280Z [INFO]: Database synced successfully
2025-09-02T08:14:11.099Z [INFO]: Database synced successfully
2025-09-02T08:18:24.713Z [INFO]: Database synced successfully
2025-09-02T08:21:26.125Z [INFO]: Database synced successfully
2025-09-02T08:24:26.288Z [INFO]: Database synced successfully
2025-09-02T08:25:56.083Z [ERROR]: Error creating user: createUserSchema is not defined
2025-09-02T08:26:29.269Z [INFO]: Database synced successfully
2025-09-02T08:26:35.562Z [INFO]: New user created: jay@google.com
2025-09-02T09:15:05.761Z [INFO]: Database synced successfully
2025-09-02T09:17:18.363Z [INFO]: New user created: sumit@google.com
2025-09-02T09:17:56.663Z [INFO]: New user created: vijay@google.com
2025-09-02T09:23:27.469Z [INFO]: Database synced successfully
2025-09-02T09:24:33.535Z [INFO]: Database synced successfully
2025-09-02T09:26:02.740Z [INFO]: Database synced successfully
2025-09-02T09:26:20.741Z [ERROR]: Failed to delete user ID 2: fs is not defined
2025-09-02T09:26:50.288Z [INFO]: Database synced successfully
2025-09-02T09:26:56.413Z [ERROR]: Failed to delete user ID 2: fs is not defined
2025-09-02T09:27:30.960Z [INFO]: Database synced successfully
2025-09-02T09:27:35.830Z [INFO]: Deleted file: D:\node js\project_samp19\uploads\1756805014490-wp9180586.jpg
2025-09-02T09:27:35.833Z [INFO]: Deleted file: D:\node js\project_samp19\uploads\1756805014490-user_3.xlsx
2025-09-02T09:27:35.839Z [INFO]: User soft-deleted successfully. ID: 2, Email: ajay@google.com
2025-09-02T10:19:54.340Z [INFO]: Database synced successfully
2025-09-02T10:24:33.319Z [INFO]: Database synced successfully
2025-09-02T10:30:14.292Z [INFO]: New user created: dhiraj@google.com
2025-09-02T10:33:50.001Z [INFO]: Database synced successfully
2025-09-02T10:38:31.019Z [INFO]: Database synced successfully
2025-09-02T10:39:20.652Z [INFO]: Database synced successfully
2025-09-02T10:39:36.998Z [INFO]: Database synced successfully
2025-09-02T10:40:21.107Z [INFO]: Database synced successfully
2025-09-02T10:40:37.096Z [INFO]: Database synced successfully
2025-09-02T10:42:02.256Z [INFO]: New user created: sanket@google.com
2025-09-02T10:49:23.576Z [INFO]: Database synced successfully
2025-09-02T11:11:59.356Z [INFO]: Database synced successfully
2025-09-02T11:14:03.554Z [INFO]: New user created: sameer@google.com
2025-09-02T11:33:13.265Z [INFO]: Database synced successfully
2025-09-02T11:37:11.111Z [INFO]: New user created: sachin@googel.com
2025-09-02T12:09:06.899Z [INFO]: Database synced successfully
2025-09-02T12:10:07.325Z [INFO]: Database synced successfully
2025-09-04T05:45:09.841Z [INFO]: Database synced successfully
2025-09-04T06:41:41.895Z [INFO]: New user created: mahendra@google.com
2025-09-04T06:46:34.368Z [INFO]: Database synced successfully
2025-09-04T07:11:07.381Z [INFO]: Database synced successfully
